Build started 24/05/2013 19:48:06.
     1>Project "C:\Users\James\Documents\GitHub\cge-raytracer\DirectX_Raytracer-master\DX_test1\DX_test1.vcxproj" on node 2 (build target(s)).
     1>InitializeBuildStatus:
         Touching "Debug\DX_Raytracer.unsuccessfulbuild".
       ClCompile:
         All outputs are up-to-date.
         c:\Program Files (x86)\Microsoft Visual Studio 10.0\VC\bin\CL.exe /c /I"C:\Program Files (x86)\Microsoft DirectX SDK (August 2009)\Include" /ZI /nologo /W3 /WX- /Od /Oy- /D WIN32 /D _DEBUG /D _WINDOWS /D _UNICODE /D UNICODE /Gm /EHsc /RTC1 /MDd /GS /fp:precise /Zc:wchar_t /Zc:forScope /Yu"StdAfx.h" /Fp"Debug\DX_Raytracer.pch" /Fo"Debug\\" /Fd"Debug\vc100.pdb" /Gd /TP /analyze- /errorReport:prompt Camera.cpp D3D.cpp DX_test1.cpp IntersectionInfo.cpp LambertMaterial.cpp Light.cpp Material.cpp Mesh.cpp PhongMaterial.cpp Ray.cpp Raytracer.cpp Scene.cpp Sphere.cpp
         Sphere.cpp
     1>c:\users\james\documents\github\cge-raytracer\directx_raytracer-master\dx_test1\d3d.h(2): fatal error C1083: Cannot open include file: 'D3D10.h': No such file or directory
         Scene.cpp
     1>c:\users\james\documents\github\cge-raytracer\directx_raytracer-master\dx_test1\scene.h(2): fatal error C1083: Cannot open include file: 'iostream': No such file or directory
         Raytracer.cpp
     1>c:\users\james\documents\github\cge-raytracer\directx_raytracer-master\dx_test1\d3d.h(2): fatal error C1083: Cannot open include file: 'D3D10.h': No such file or directory
         Ray.cpp
     1>c:\users\james\documents\github\cge-raytracer\directx_raytracer-master\dx_test1\d3d.h(2): fatal error C1083: Cannot open include file: 'D3D10.h': No such file or directory
         PhongMaterial.cpp
     1>c:\users\james\documents\github\cge-raytracer\directx_raytracer-master\dx_test1\material.h(2): fatal error C1083: Cannot open include file: 'vector': No such file or directory
         Mesh.cpp
     1>c:\users\james\documents\github\cge-raytracer\directx_raytracer-master\dx_test1\d3d.h(2): fatal error C1083: Cannot open include file: 'D3D10.h': No such file or directory
         Material.cpp
     1>c:\users\james\documents\github\cge-raytracer\directx_raytracer-master\dx_test1\material.h(2): fatal error C1083: Cannot open include file: 'vector': No such file or directory
         Light.cpp
     1>c:\users\james\documents\github\cge-raytracer\directx_raytracer-master\dx_test1\d3d.h(2): fatal error C1083: Cannot open include file: 'D3D10.h': No such file or directory
         LambertMaterial.cpp
     1>c:\users\james\documents\github\cge-raytracer\directx_raytracer-master\dx_test1\d3d.h(2): fatal error C1083: Cannot open include file: 'D3D10.h': No such file or directory
         IntersectionInfo.cpp
     1>c:\users\james\documents\github\cge-raytracer\directx_raytracer-master\dx_test1\d3d.h(2): fatal error C1083: Cannot open include file: 'D3D10.h': No such file or directory
         DX_test1.cpp
     1>c:\users\james\documents\github\cge-raytracer\directx_raytracer-master\dx_test1\d3d.h(2): fatal error C1083: Cannot open include file: 'D3D10.h': No such file or directory
         D3D.cpp
     1>c:\users\james\documents\github\cge-raytracer\directx_raytracer-master\dx_test1\d3d.h(2): fatal error C1083: Cannot open include file: 'D3D10.h': No such file or directory
         Camera.cpp
     1>c:\users\james\documents\github\cge-raytracer\directx_raytracer-master\dx_test1\d3d.h(2): fatal error C1083: Cannot open include file: 'D3D10.h': No such file or directory
         Generating Code...
     1>Done Building Project "C:\Users\James\Documents\GitHub\cge-raytracer\DirectX_Raytracer-master\DX_test1\DX_test1.vcxproj" (build target(s)) -- FAILED.

Build FAILED.

Time Elapsed 00:00:00.54
